#-----------------------------------------------------------
# Vivado v2015.4 (64-bit)
# SW Build 1412921 on Wed Nov 18 09:43:45 MST 2015
# IP Build 1412160 on Tue Nov 17 13:47:24 MST 2015
# Start of session at: Wed Nov 30 15:18:19 2016
# Process ID: 8624
# Current directory: C:/Users/Ben/Google/Digipen/Junior/ECE310L/ProjectDaltonismo/Daltonismo
# Command line: vivado.exe -gui_launcher_event rodinguilauncherevent10020 C:\Users\Ben\Google\Digipen\Junior\ECE310L\ProjectDaltonismo\Daltonismo\Daltonismo.xpr
# Log file: C:/Users/Ben/Google/Digipen/Junior/ECE310L/ProjectDaltonismo/Daltonismo/vivado.log
# Journal file: C:/Users/Ben/Google/Digipen/Junior/ECE310L/ProjectDaltonismo/Daltonismo\vivado.jou
#-----------------------------------------------------------
start_gui
open_project C:/Users/Ben/Google/Digipen/Junior/ECE310L/ProjectDaltonismo/Daltonismo/Daltonismo.xpr
Scanning sources...
Finished scanning sources
CRITICAL WARNING: [Project 1-532] XML ERROR: Project Option CompiledLibDirXSim has no valid value
WARNING: [filemgmt 56-3] IPUserFilesDir: Could not find the directory 'C:/Users/Ben/Google/Digipen/Junior/ECE310L/ProjectDaltonismo/Daltonismo/Daltonismo.ip_user_files'.
WARNING: [filemgmt 56-3] IPStaticSourceDir: Could not find the directory 'C:/Users/Ben/Google/Digipen/Junior/ECE310L/ProjectDaltonismo/Daltonismo/Daltonismo.ip_user_files/ipstatic'.
CRITICAL WARNING: [Project 1-505] Unrecognized Option Name DSABoardId
CRITICAL WARNING: [Project 1-505] Unrecognized Option Name DSANumComputeUnits
CRITICAL WARNING: [Project 1-505] Unrecognized Option Name WTXSimLaunchSim
CRITICAL WARNING: [Project 1-505] Unrecognized Option Name WTModelSimLaunchSim
CRITICAL WARNING: [Project 1-505] Unrecognized Option Name WTQuestaLaunchSim
CRITICAL WARNING: [Project 1-505] Unrecognized Option Name WTIesLaunchSim
CRITICAL WARNING: [Project 1-505] Unrecognized Option Name WTVcsLaunchSim
CRITICAL WARNING: [Project 1-505] Unrecognized Option Name WTRivieraLaunchSim
CRITICAL WARNING: [Project 1-505] Unrecognized Option Name WTActivehdlLaunchSim
CRITICAL WARNING: [Project 1-505] Unrecognized Option Name WTXSimExportSim
CRITICAL WARNING: [Project 1-505] Unrecognized Option Name WTModelSimExportSim
CRITICAL WARNING: [Project 1-505] Unrecognized Option Name WTQuestaExportSim
CRITICAL WARNING: [Project 1-505] Unrecognized Option Name WTIesExportSim
CRITICAL WARNING: [Project 1-505] Unrecognized Option Name WTVcsExportSim
CRITICAL WARNING: [Project 1-505] Unrecognized Option Name WTRivieraExportSim
CRITICAL WARNING: [Project 1-505] Unrecognized Option Name WTActivehdlExportSim
CRITICAL WARNING: [Project 1-505] Unrecognized Option Name GenerateIPUpgradeLog
CRITICAL WARNING: [Project 1-505] Unrecognized Option Name XSimRadix
CRITICAL WARNING: [Project 1-505] Unrecognized Option Name XSimTimeUnit
CRITICAL WARNING: [Project 1-505] Unrecognized Option Name XSimArrayDisplayLimit
CRITICAL WARNING: [Project 1-505] Unrecognized Option Name XSimTraceLimit
WARNING: [Project 1-231] Project 'Daltonismo.xpr' was created with a future version and may or may not perform reliably with this version of Vivado. It has been opened in read-only mode for the protection of unrecognized data. Use 'File | Save Project As...' if you wish to alter a copy of the project.
INFO: [IP_Flow 19-234] Refreshing IP repositories
INFO: [IP_Flow 19-1704] No user IP repositories specified
INFO: [IP_Flow 19-2313] Loaded Vivado IP repository 'C:/Xilinx/Vivado/2015.4/data/ip'.
save_project_as Daltonismo C:/Users/Ben/Desktop/Daltonismo -force
exit
INFO: [Common 17-206] Exiting Vivado at Wed Nov 30 15:19:04 2016...
