#-----------------------------------------------------------
# Vivado v2016.3 (64-bit)
# SW Build 1682563 on Mon Oct 10 19:07:27 MDT 2016
# IP Build 1681267 on Mon Oct 10 21:28:31 MDT 2016
# Start of session at: Wed Nov 30 15:08:28 2016
# Process ID: 7484
# Current directory: C:/Users/Ben/Google Drive/Digipen/Junior/ECE310L/ProjectDaltonismo/Daltonismo
# Command line: vivado.exe -gui_launcher_event rodinguilauncherevent11184 C:\Users\Ben\Google Drive\Digipen\Junior\ECE310L\ProjectDaltonismo\Daltonismo\Daltonismo.xpr
# Log file: C:/Users/Ben/Google Drive/Digipen/Junior/ECE310L/ProjectDaltonismo/Daltonismo/vivado.log
# Journal file: C:/Users/Ben/Google Drive/Digipen/Junior/ECE310L/ProjectDaltonismo/Daltonismo\vivado.jou
#-----------------------------------------------------------
start_gui
open_project {C:/Users/Ben/Google Drive/Digipen/Junior/ECE310L/ProjectDaltonismo/Daltonismo/Daltonismo.xpr}
Scanning sources...
Finished scanning sources
WARNING: [filemgmt 56-3] IPUserFilesDir: Could not find the directory 'C:/Users/Ben/Google Drive/Digipen/Junior/ECE310L/ProjectDaltonismo/Daltonismo/Daltonismo.ip_user_files'.
INFO: [IP_Flow 19-234] Refreshing IP repositories
INFO: [IP_Flow 19-1704] No user IP repositories specified
INFO: [IP_Flow 19-2313] Loaded Vivado IP repository 'C:/Xilinx/Vivado/2016.3/data/ip'.
exit
INFO: [Common 17-206] Exiting Vivado at Wed Nov 30 15:08:43 2016...
