#-----------------------------------------------------------
# Vivado v2016.4 (64-bit)
# SW Build 1756540 on Mon Jan 23 19:11:23 MST 2017
# IP Build 1755317 on Mon Jan 23 20:30:07 MST 2017
# Start of session at: Tue Jan 31 18:26:44 2017
# Process ID: 1036
# Current directory: C:/Users/Ben/Google Drive/Digipen/Junior/ECE310L/Daltonismo
# Command line: vivado.exe -gui_launcher_event rodinguilauncherevent612 C:\Users\Ben\Google Drive\Digipen\Junior\ECE310L\Daltonismo\Daltonismo.xpr
# Log file: C:/Users/Ben/Google Drive/Digipen/Junior/ECE310L/Daltonismo/vivado.log
# Journal file: C:/Users/Ben/Google Drive/Digipen/Junior/ECE310L/Daltonismo\vivado.jou
#-----------------------------------------------------------
start_gui
open_project {C:/Users/Ben/Google Drive/Digipen/Junior/ECE310L/Daltonismo/Daltonismo.xpr}
INFO: [Project 1-313] Project file moved from 'C:/Users/Ben/Google Drive/Digipen/Daltonismo-2016.4 test' since last save.
Scanning sources...
Finished scanning sources
INFO: [IP_Flow 19-234] Refreshing IP repositories
INFO: [IP_Flow 19-1704] No user IP repositories specified
INFO: [IP_Flow 19-2313] Loaded Vivado IP repository 'C:/Xilinx/Vivado/2016.4/data/ip'.
set_property SOURCE_SET sources_1 [get_filesets sim_1]
close [ open {C:/Users/Ben/Google Drive/Digipen/Junior/ECE310L/Daltonismo/Daltonismo.srcs/sim_1/new/I2cTest.sv} w ]
add_files -fileset sim_1 {{C:/Users/Ben/Google Drive/Digipen/Junior/ECE310L/Daltonismo/Daltonismo.srcs/sim_1/new/I2cTest.sv}}
remove_files  -fileset sim_1 {{C:/Users/Ben/Google Drive/Digipen/Junior/ECE310L/Daltonismo/Daltonismo.srcs/sim_1/new/I2cTest.sv}}
file delete -force {C:/Users/Ben/Google Drive/Digipen/Junior/ECE310L/Daltonismo/Daltonismo.srcs/sim_1/new/I2cTest.sv}
exit
INFO: [Common 17-206] Exiting Vivado at Tue Jan 31 18:52:46 2017...
