#-----------------------------------------------------------
# Vivado v2015.4 (64-bit)
# SW Build 1412921 on Wed Nov 18 09:43:45 MST 2015
# IP Build 1412160 on Tue Nov 17 13:47:24 MST 2015
# Start of session at: Sat Feb 18 17:41:31 2017
# Process ID: 9200
# Current directory: C:/Users/Dingler/Documents/ProjectDaltonismo/Daltonismo
# Command line: vivado.exe -gui_launcher_event rodinguilauncherevent8168 C:\Users\Dingler\Documents\ProjectDaltonismo\Daltonismo\Daltonismo.xpr
# Log file: C:/Users/Dingler/Documents/ProjectDaltonismo/Daltonismo/vivado.log
# Journal file: C:/Users/Dingler/Documents/ProjectDaltonismo/Daltonismo\vivado.jou
#-----------------------------------------------------------
start_gui
open_project C:/Users/Dingler/Documents/ProjectDaltonismo/Daltonismo/Daltonismo.xpr
INFO: [Project 1-313] Project file moved from 'C:/Users/Ben/Google Drive/Digipen/Junior/ECE310L/Daltonismo' since last save.
Scanning sources...
Finished scanning sources
CRITICAL WARNING: [Project 1-192] Failed to load run synth_1. Strategy Flow_RuntimeOptimized (Vivado Synthesis 2016) not recognized by Vivado. 

CRITICAL WARNING: [Project 1-192] Failed to load run impl_1. Strategy Flow_RuntimeOptimized (Vivado Implementation 2016) not recognized by Vivado. 

CRITICAL WARNING: [Project 1-532] XML ERROR: Project Option CompiledLibDirXSim has no valid value
WARNING: [filemgmt 56-2] IPStaticSourceDir: Could not find the directory 'C:/Users/Dingler/Documents/ProjectDaltonismo/Daltonismo/Daltonismo.ip_user_files/ipstatic', nor could it be found using path 'C:/Users/Ben/Google Drive/Digipen/Junior/ECE310L/Daltonismo/Daltonismo.ip_user_files/ipstatic'.
CRITICAL WARNING: [Project 1-505] Unrecognized Option Name DSANumComputeUnits
CRITICAL WARNING: [Project 1-505] Unrecognized Option Name WTXSimLaunchSim
CRITICAL WARNING: [Project 1-505] Unrecognized Option Name WTModelSimLaunchSim
CRITICAL WARNING: [Project 1-505] Unrecognized Option Name WTQuestaLaunchSim
CRITICAL WARNING: [Project 1-505] Unrecognized Option Name WTIesLaunchSim
CRITICAL WARNING: [Project 1-505] Unrecognized Option Name WTVcsLaunchSim
CRITICAL WARNING: [Project 1-505] Unrecognized Option Name WTRivieraLaunchSim
CRITICAL WARNING: [Project 1-505] Unrecognized Option Name WTActivehdlLaunchSim
CRITICAL WARNING: [Project 1-505] Unrecognized Option Name WTXSimExportSim
CRITICAL WARNING: [Project 1-505] Unrecognized Option Name WTModelSimExportSim
CRITICAL WARNING: [Project 1-505] Unrecognized Option Name WTQuestaExportSim
CRITICAL WARNING: [Project 1-505] Unrecognized Option Name WTIesExportSim
CRITICAL WARNING: [Project 1-505] Unrecognized Option Name WTVcsExportSim
CRITICAL WARNING: [Project 1-505] Unrecognized Option Name WTRivieraExportSim
CRITICAL WARNING: [Project 1-505] Unrecognized Option Name WTActivehdlExportSim
CRITICAL WARNING: [Project 1-505] Unrecognized Option Name GenerateIPUpgradeLog
CRITICAL WARNING: [Project 1-505] Unrecognized Option Name XSimRadix
CRITICAL WARNING: [Project 1-505] Unrecognized Option Name XSimTimeUnit
CRITICAL WARNING: [Project 1-505] Unrecognized Option Name XSimArrayDisplayLimit
CRITICAL WARNING: [Project 1-505] Unrecognized Option Name XSimTraceLimit
WARNING: [Project 1-231] Project 'Daltonismo.xpr' was created with a future version and may or may not perform reliably with this version of Vivado. It has been opened in read-only mode for the protection of unrecognized data. Use 'File | Save Project As...' if you wish to alter a copy of the project.
INFO: [IP_Flow 19-234] Refreshing IP repositories
INFO: [IP_Flow 19-1704] No user IP repositories specified
INFO: [IP_Flow 19-2313] Loaded Vivado IP repository 'C:/Xilinx/Vivado/2015.4/data/ip'.
update_compile_order -fileset sim_1
exit
INFO: [Common 17-206] Exiting Vivado at Sat Feb 18 17:41:58 2017...
